<?xml version="1.0" encoding="UTF-8"?>
<!-- Generated by org.testng.reporters.JUnitXMLReporter -->
<testsuite ignored="9" hostname="Prathamesh-Ingales-MacBook-Air.local" failures="1" tests="2" name="Test" time="96.845" errors="0" timestamp="2025-04-09T16:38:08 IST">
  <testcase classname="Geekyants.sendMessage" name="sendMessageToCoworker" time="5.025">
    <skipped/>
  </testcase> <!-- sendMessageToCoworker -->
  <testcase classname="Geekyants.sendMessage" name="sendMessageToCoworker" time="5.029">
    <failure type="java.lang.NoClassDefFoundError" message="Geekyants/pageObjects/messagePage">
      <![CDATA[java.lang.NoClassDefFoundError: Geekyants/pageObjects/messagePage
at Geekyants.sendMessage.sendMessageToCoworker(sendMessage.java:17)
at java.base/java.util.ArrayList.forEach(ArrayList.java:1511)
Caused by: java.lang.ClassNotFoundException: Geekyants.pageObjects.messagePage
... 31 more
... Removed 29 stack frames]]>
    </failure>
  </testcase> <!-- sendMessageToCoworker -->
  <testcase classname="Geekyants.MediaAndFileTest" name="sendImageToCoworker" time="0.0">
    <ignored/>
  </testcase> <!-- sendImageToCoworker -->
  <testcase classname="Geekyants.core.baseClass" name="@BeforeSuite beforeTestMethod" time="0.0">
    <ignored/>
  </testcase> <!-- @BeforeSuite beforeTestMethod -->
  <testcase classname="Geekyants.MediaAndFileTest" name="sendPdfToCoworker" time="0.0">
    <ignored/>
  </testcase> <!-- sendPdfToCoworker -->
  <testcase classname="Geekyants.core.baseClass" name="@BeforeSuite beforeTestMethod" time="0.0">
    <ignored/>
  </testcase> <!-- @BeforeSuite beforeTestMethod -->
  <testcase classname="Geekyants.core.baseClass" name="@AfterTest afterMethodMethod" time="0.0">
    <ignored/>
  </testcase> <!-- @AfterTest afterMethodMethod -->
  <testcase classname="Geekyants.searchTest" name="searchFunction" time="0.0">
    <ignored/>
  </testcase> <!-- searchFunction -->
  <testcase classname="Geekyants.core.baseClass" name="@AfterTest afterMethodMethod" time="0.0">
    <ignored/>
  </testcase> <!-- @AfterTest afterMethodMethod -->
  <testcase classname="Geekyants.MediaAndFileTest" name="sendVideoToCoworker" time="0.0">
    <ignored/>
  </testcase> <!-- sendVideoToCoworker -->
  <testcase classname="Geekyants.sendMessage" name="sendMessageInGroup" time="0.0">
    <ignored/>
  </testcase> <!-- sendMessageInGroup -->
</testsuite> <!-- Test -->
